<?xml version="1.0" encoding="UTF-8"?>
<!-- Generated by org.testng.reporters.JUnitXMLReporter -->
<testsuite hostname="Lipikachawla" name="Test" tests="10" failures="0" timestamp="1 Nov 2019 11:30:54 GMT" time="22.759" errors="0">
  <testcase name="get_list" time="3.957" classname="testCases.TestCases"/>
  <testcase name="get_specificList" time="1.056" classname="testCases.TestCases"/>
  <testcase name="post_List" time="2.781" classname="testCases.TestCases"/>
  <testcase name="post_Task" time="2.5" classname="testCases.TestCases"/>
  <testcase name="put_List" time="3.083" classname="testCases.TestCases"/>
  <testcase name="patch_list" time="2.339" classname="testCases.TestCases"/>
  <testcase name="put_task" time="1.041" classname="testCases.TestCases"/>
  <testcase name="patch_task" time="2.248" classname="testCases.TestCases"/>
  <testcase name="delete_list" time="2.345" classname="testCases.TestCases"/>
  <testcase name="delete_task" time="1.326" classname="testCases.TestCases"/>
</testsuite> <!-- Test -->
